2024-07-09 21:10:02.535 +08:00 [INF] User profile is available. Using 'C:\Users\lares User\AppData\Local\ASP.NET\DataProtection-Keys' as key repository and Windows DPAPI to encrypt keys at rest.
2024-07-09 21:10:02.841 +08:00 [INF] Now listening on: https://localhost:7003
2024-07-09 21:10:02.842 +08:00 [INF] Now listening on: http://localhost:5164
2024-07-09 21:10:02.845 +08:00 [INF] Application started. Press Ctrl+C to shut down.
2024-07-09 21:10:02.845 +08:00 [INF] Hosting environment: Development
2024-07-09 21:10:02.845 +08:00 [INF] Content root path: C:\Users\lares User\Desktop\Programming\Web Development\Backend\WebAPIMastery\
2024-07-09 21:10:03.655 +08:00 [INF] Request starting HTTP/2 GET https://localhost:7003/swagger/index.html - -
2024-07-09 21:10:03.972 +08:00 [INF] Request finished HTTP/2 GET https://localhost:7003/swagger/index.html - - - 200 - text/html;charset=utf-8 319.3505ms
2024-07-09 21:10:03.994 +08:00 [INF] Request starting HTTP/2 GET https://localhost:7003/_framework/aspnetcore-browser-refresh.js - -
2024-07-09 21:10:03.995 +08:00 [INF] Request starting HTTP/2 GET https://localhost:7003/_vs/browserLink - -
2024-07-09 21:10:04.008 +08:00 [INF] Request finished HTTP/2 GET https://localhost:7003/_framework/aspnetcore-browser-refresh.js - - - 200 11996 application/javascript;+charset=utf-8 13.9615ms
2024-07-09 21:10:04.056 +08:00 [INF] Request finished HTTP/2 GET https://localhost:7003/_vs/browserLink - - - 200 - text/javascript;+charset=UTF-8 61.0408ms
2024-07-09 21:10:04.099 +08:00 [INF] Request starting HTTP/2 GET https://localhost:7003/swagger/v1/swagger.json - -
2024-07-09 21:10:04.230 +08:00 [INF] Request finished HTTP/2 GET https://localhost:7003/swagger/v1/swagger.json - - - 200 - application/json;charset=utf-8 131.2354ms
2024-07-09 21:10:09.367 +08:00 [INF] Request starting HTTP/2 GET https://localhost:7003/api/Regions/GetRegions - -
2024-07-09 21:10:09.477 +08:00 [INF] Executing endpoint 'WebAPIMastery.Controllers.RegionsController.GetRegions (WebAPIMastery)'
2024-07-09 21:10:09.497 +08:00 [INF] Route matched with {action = "GetRegions", controller = "Regions"}. Executing controller action with signature System.Threading.Tasks.Task`1[Microsoft.AspNetCore.Mvc.IActionResult] GetRegions() on controller WebAPIMastery.Controllers.RegionsController (WebAPIMastery).
2024-07-09 21:10:09.772 +08:00 [ERR] This is a custom exception
2024-07-09 21:10:09.808 +08:00 [INF] Executed action WebAPIMastery.Controllers.RegionsController.GetRegions (WebAPIMastery) in 302.8168ms
2024-07-09 21:10:09.813 +08:00 [INF] Executed endpoint 'WebAPIMastery.Controllers.RegionsController.GetRegions (WebAPIMastery)'
2024-07-09 21:10:09.820 +08:00 [ERR] An unhandled exception has occurred while executing the request.
System.Exception: This is a custom exception
   at WebAPIMastery.Controllers.RegionsController.GetRegions() in C:\Users\lares User\Desktop\Programming\Web Development\Backend\WebAPIMastery\Controllers\RegionsController.cs:line 60
   at Microsoft.AspNetCore.Mvc.Infrastructure.ActionMethodExecutor.TaskOfIActionResultExecutor.Execute(IActionResultTypeMapper mapper, ObjectMethodExecutor executor, Object controller, Object[] arguments)
   at Microsoft.AspNetCore.Mvc.Infrastructure.ControllerActionInvoker.<InvokeActionMethodAsync>g__Awaited|12_0(ControllerActionInvoker invoker, ValueTask`1 actionResultValueTask)
   at Microsoft.AspNetCore.Mvc.Infrastructure.ControllerActionInvoker.<InvokeNextActionFilterAsync>g__Awaited|10_0(ControllerActionInvoker invoker, Task lastTask, State next, Scope scope, Object state, Boolean isCompleted)
   at Microsoft.AspNetCore.Mvc.Infrastructure.ControllerActionInvoker.Rethrow(ActionExecutedContextSealed context)
   at Microsoft.AspNetCore.Mvc.Infrastructure.ControllerActionInvoker.Next(State& next, Scope& scope, Object& state, Boolean& isCompleted)
   at Microsoft.AspNetCore.Mvc.Infrastructure.ControllerActionInvoker.InvokeInnerFilterAsync()
--- End of stack trace from previous location ---
   at Microsoft.AspNetCore.Mvc.Infrastructure.ResourceInvoker.<InvokeFilterPipelineAsync>g__Awaited|20_0(ResourceInvoker invoker, Task lastTask, State next, Scope scope, Object state, Boolean isCompleted)
   at Microsoft.AspNetCore.Mvc.Infrastructure.ResourceInvoker.<InvokeAsync>g__Logged|17_1(ResourceInvoker invoker)
   at Microsoft.AspNetCore.Mvc.Infrastructure.ResourceInvoker.<InvokeAsync>g__Logged|17_1(ResourceInvoker invoker)
   at Microsoft.AspNetCore.Routing.EndpointMiddleware.<Invoke>g__AwaitRequestTask|6_0(Endpoint endpoint, Task requestTask, ILogger logger)
   at Microsoft.AspNetCore.Authorization.AuthorizationMiddleware.Invoke(HttpContext context)
   at Microsoft.AspNetCore.Authentication.AuthenticationMiddleware.Invoke(HttpContext context)
   at Swashbuckle.AspNetCore.SwaggerUI.SwaggerUIMiddleware.Invoke(HttpContext httpContext)
   at Swashbuckle.AspNetCore.Swagger.SwaggerMiddleware.Invoke(HttpContext httpContext, ISwaggerProvider swaggerProvider)
   at Microsoft.AspNetCore.Diagnostics.DeveloperExceptionPageMiddleware.Invoke(HttpContext context)
2024-07-09 21:10:09.871 +08:00 [INF] Request finished HTTP/2 GET https://localhost:7003/api/Regions/GetRegions - - - 500 - text/plain;+charset=utf-8 504.3395ms
2024-07-09 21:11:32.269 +08:00 [INF] User profile is available. Using 'C:\Users\lares User\AppData\Local\ASP.NET\DataProtection-Keys' as key repository and Windows DPAPI to encrypt keys at rest.
2024-07-09 21:11:32.552 +08:00 [INF] Now listening on: https://localhost:7003
2024-07-09 21:11:32.554 +08:00 [INF] Now listening on: http://localhost:5164
2024-07-09 21:11:32.558 +08:00 [INF] Application started. Press Ctrl+C to shut down.
2024-07-09 21:11:32.558 +08:00 [INF] Hosting environment: Development
2024-07-09 21:11:32.558 +08:00 [INF] Content root path: C:\Users\lares User\Desktop\Programming\Web Development\Backend\WebAPIMastery\
2024-07-09 21:11:32.981 +08:00 [INF] Request starting HTTP/2 GET https://localhost:7003/swagger/index.html - -
2024-07-09 21:11:33.342 +08:00 [INF] Request finished HTTP/2 GET https://localhost:7003/swagger/index.html - - - 200 - text/html;charset=utf-8 366.8167ms
2024-07-09 21:11:33.369 +08:00 [INF] Request starting HTTP/2 GET https://localhost:7003/_framework/aspnetcore-browser-refresh.js - -
2024-07-09 21:11:33.369 +08:00 [INF] Request starting HTTP/2 GET https://localhost:7003/_vs/browserLink - -
2024-07-09 21:11:33.380 +08:00 [INF] Request finished HTTP/2 GET https://localhost:7003/_framework/aspnetcore-browser-refresh.js - - - 200 11996 application/javascript;+charset=utf-8 9.4517ms
2024-07-09 21:11:33.436 +08:00 [INF] Request finished HTTP/2 GET https://localhost:7003/_vs/browserLink - - - 200 - text/javascript;+charset=UTF-8 66.4657ms
2024-07-09 21:11:33.483 +08:00 [INF] Request starting HTTP/2 GET https://localhost:7003/swagger/v1/swagger.json - -
2024-07-09 21:11:33.674 +08:00 [INF] Request finished HTTP/2 GET https://localhost:7003/swagger/v1/swagger.json - - - 200 - application/json;charset=utf-8 191.3088ms
2024-07-09 21:11:37.812 +08:00 [INF] Request starting HTTP/2 GET https://localhost:7003/api/Regions/GetRegions - -
2024-07-09 21:11:37.926 +08:00 [INF] Executing endpoint 'WebAPIMastery.Controllers.RegionsController.GetRegions (WebAPIMastery)'
2024-07-09 21:11:37.937 +08:00 [INF] Route matched with {action = "GetRegions", controller = "Regions"}. Executing controller action with signature System.Threading.Tasks.Task`1[Microsoft.AspNetCore.Mvc.IActionResult] GetRegions() on controller WebAPIMastery.Controllers.RegionsController (WebAPIMastery).
2024-07-09 21:11:38.152 +08:00 [ERR] This is a custom exception
2024-07-09 21:11:38.185 +08:00 [INF] Executed action WebAPIMastery.Controllers.RegionsController.GetRegions (WebAPIMastery) in 238.7106ms
2024-07-09 21:11:38.191 +08:00 [INF] Executed endpoint 'WebAPIMastery.Controllers.RegionsController.GetRegions (WebAPIMastery)'
2024-07-09 21:11:38.197 +08:00 [ERR] An unhandled exception has occurred while executing the request.
System.Exception: This is a custom exception
   at WebAPIMastery.Controllers.RegionsController.GetRegions() in C:\Users\lares User\Desktop\Programming\Web Development\Backend\WebAPIMastery\Controllers\RegionsController.cs:line 60
   at Microsoft.AspNetCore.Mvc.Infrastructure.ActionMethodExecutor.TaskOfIActionResultExecutor.Execute(IActionResultTypeMapper mapper, ObjectMethodExecutor executor, Object controller, Object[] arguments)
   at Microsoft.AspNetCore.Mvc.Infrastructure.ControllerActionInvoker.<InvokeActionMethodAsync>g__Awaited|12_0(ControllerActionInvoker invoker, ValueTask`1 actionResultValueTask)
   at Microsoft.AspNetCore.Mvc.Infrastructure.ControllerActionInvoker.<InvokeNextActionFilterAsync>g__Awaited|10_0(ControllerActionInvoker invoker, Task lastTask, State next, Scope scope, Object state, Boolean isCompleted)
   at Microsoft.AspNetCore.Mvc.Infrastructure.ControllerActionInvoker.Rethrow(ActionExecutedContextSealed context)
   at Microsoft.AspNetCore.Mvc.Infrastructure.ControllerActionInvoker.Next(State& next, Scope& scope, Object& state, Boolean& isCompleted)
   at Microsoft.AspNetCore.Mvc.Infrastructure.ControllerActionInvoker.InvokeInnerFilterAsync()
--- End of stack trace from previous location ---
   at Microsoft.AspNetCore.Mvc.Infrastructure.ResourceInvoker.<InvokeFilterPipelineAsync>g__Awaited|20_0(ResourceInvoker invoker, Task lastTask, State next, Scope scope, Object state, Boolean isCompleted)
   at Microsoft.AspNetCore.Mvc.Infrastructure.ResourceInvoker.<InvokeAsync>g__Logged|17_1(ResourceInvoker invoker)
   at Microsoft.AspNetCore.Mvc.Infrastructure.ResourceInvoker.<InvokeAsync>g__Logged|17_1(ResourceInvoker invoker)
   at Microsoft.AspNetCore.Routing.EndpointMiddleware.<Invoke>g__AwaitRequestTask|6_0(Endpoint endpoint, Task requestTask, ILogger logger)
   at Microsoft.AspNetCore.Authorization.AuthorizationMiddleware.Invoke(HttpContext context)
   at Microsoft.AspNetCore.Authentication.AuthenticationMiddleware.Invoke(HttpContext context)
   at Swashbuckle.AspNetCore.SwaggerUI.SwaggerUIMiddleware.Invoke(HttpContext httpContext)
   at Swashbuckle.AspNetCore.Swagger.SwaggerMiddleware.Invoke(HttpContext httpContext, ISwaggerProvider swaggerProvider)
   at Microsoft.AspNetCore.Diagnostics.DeveloperExceptionPageMiddleware.Invoke(HttpContext context)
2024-07-09 21:11:38.248 +08:00 [INF] Request finished HTTP/2 GET https://localhost:7003/api/Regions/GetRegions - - - 500 - text/plain;+charset=utf-8 436.2873ms
2024-07-09 21:12:05.809 +08:00 [INF] User profile is available. Using 'C:\Users\lares User\AppData\Local\ASP.NET\DataProtection-Keys' as key repository and Windows DPAPI to encrypt keys at rest.
2024-07-09 21:12:06.320 +08:00 [INF] Now listening on: https://localhost:7003
2024-07-09 21:12:06.320 +08:00 [INF] Now listening on: http://localhost:5164
2024-07-09 21:12:06.323 +08:00 [INF] Application started. Press Ctrl+C to shut down.
2024-07-09 21:12:06.323 +08:00 [INF] Hosting environment: Development
2024-07-09 21:12:06.323 +08:00 [INF] Content root path: C:\Users\lares User\Desktop\Programming\Web Development\Backend\WebAPIMastery\
2024-07-09 21:12:14.626 +08:00 [DBG] Registered model binder providers, in the following order: ["Microsoft.AspNetCore.Mvc.ModelBinding.Binders.BinderTypeModelBinderProvider","Microsoft.AspNetCore.Mvc.ModelBinding.Binders.ServicesModelBinderProvider","Microsoft.AspNetCore.Mvc.ModelBinding.Binders.BodyModelBinderProvider","Microsoft.AspNetCore.Mvc.ModelBinding.Binders.HeaderModelBinderProvider","Microsoft.AspNetCore.Mvc.ModelBinding.Binders.FloatingPointTypeModelBinderProvider","Microsoft.AspNetCore.Mvc.ModelBinding.Binders.EnumTypeModelBinderProvider","Microsoft.AspNetCore.Mvc.ModelBinding.Binders.DateTimeModelBinderProvider","Microsoft.AspNetCore.Mvc.ModelBinding.Binders.SimpleTypeModelBinderProvider","Microsoft.AspNetCore.Mvc.ModelBinding.Binders.CancellationTokenModelBinderProvider","Microsoft.AspNetCore.Mvc.ModelBinding.Binders.ByteArrayModelBinderProvider","Microsoft.AspNetCore.Mvc.ModelBinding.Binders.FormFileModelBinderProvider","Microsoft.AspNetCore.Mvc.ModelBinding.Binders.FormCollectionModelBinderProvider","Microsoft.AspNetCore.Mvc.ModelBinding.Binders.KeyValuePairModelBinderProvider","Microsoft.AspNetCore.Mvc.ModelBinding.Binders.DictionaryModelBinderProvider","Microsoft.AspNetCore.Mvc.ModelBinding.Binders.ArrayModelBinderProvider","Microsoft.AspNetCore.Mvc.ModelBinding.Binders.CollectionModelBinderProvider","Microsoft.AspNetCore.Mvc.ModelBinding.Binders.ComplexObjectModelBinderProvider"]
2024-07-09 21:12:14.773 +08:00 [DBG] Hosting starting
2024-07-09 21:12:14.832 +08:00 [INF] User profile is available. Using 'C:\Users\lares User\AppData\Local\ASP.NET\DataProtection-Keys' as key repository and Windows DPAPI to encrypt keys at rest.
2024-07-09 21:12:14.837 +08:00 [DBG] Reading data from file 'C:\Users\lares User\AppData\Local\ASP.NET\DataProtection-Keys\key-2a2dd440-7e0e-41fd-bdbb-7a46c410f753.xml'.
2024-07-09 21:12:14.844 +08:00 [DBG] Reading data from file 'C:\Users\lares User\AppData\Local\ASP.NET\DataProtection-Keys\key-3f1d8bd9-3ef0-462a-8ba7-1b9feb16c970.xml'.
2024-07-09 21:12:14.845 +08:00 [DBG] Reading data from file 'C:\Users\lares User\AppData\Local\ASP.NET\DataProtection-Keys\key-80bdb79c-585f-448f-898b-05493ed81b7c.xml'.
2024-07-09 21:12:14.846 +08:00 [DBG] Reading data from file 'C:\Users\lares User\AppData\Local\ASP.NET\DataProtection-Keys\key-8f876a9f-42fd-4582-a268-b303ddb274b3.xml'.
2024-07-09 21:12:14.846 +08:00 [DBG] Reading data from file 'C:\Users\lares User\AppData\Local\ASP.NET\DataProtection-Keys\key-b63ea9be-5337-41fe-828e-376d1a653eda.xml'.
2024-07-09 21:12:14.856 +08:00 [DBG] Found key {2a2dd440-7e0e-41fd-bdbb-7a46c410f753}.
2024-07-09 21:12:14.860 +08:00 [DBG] Found key {3f1d8bd9-3ef0-462a-8ba7-1b9feb16c970}.
2024-07-09 21:12:14.860 +08:00 [DBG] Found key {80bdb79c-585f-448f-898b-05493ed81b7c}.
2024-07-09 21:12:14.860 +08:00 [DBG] Found key {8f876a9f-42fd-4582-a268-b303ddb274b3}.
2024-07-09 21:12:14.860 +08:00 [DBG] Found key {b63ea9be-5337-41fe-828e-376d1a653eda}.
2024-07-09 21:12:14.868 +08:00 [DBG] Considering key {80bdb79c-585f-448f-898b-05493ed81b7c} with expiration date 2024-09-10 16:55:56Z as default key.
2024-07-09 21:12:14.870 +08:00 [DBG] Forwarded activator type request from Microsoft.AspNetCore.DataProtection.XmlEncryption.DpapiXmlDecryptor, Microsoft.AspNetCore.DataProtection, Version=7.0.0.0, Culture=neutral, PublicKeyToken=adb9793829ddae60 to Microsoft.AspNetCore.DataProtection.XmlEncryption.DpapiXmlDecryptor, Microsoft.AspNetCore.DataProtection, Culture=neutral, PublicKeyToken=adb9793829ddae60
2024-07-09 21:12:14.873 +08:00 [DBG] Decrypting secret element using Windows DPAPI.
2024-07-09 21:12:14.875 +08:00 [DBG] Forwarded activator type request from Microsoft.AspNetCore.DataProtection.AuthenticatedEncryption.ConfigurationModel.AuthenticatedEncryptorDescriptorDeserializer, Microsoft.AspNetCore.DataProtection, Version=7.0.0.0, Culture=neutral, PublicKeyToken=adb9793829ddae60 to Microsoft.AspNetCore.DataProtection.AuthenticatedEncryption.ConfigurationModel.AuthenticatedEncryptorDescriptorDeserializer, Microsoft.AspNetCore.DataProtection, Culture=neutral, PublicKeyToken=adb9793829ddae60
2024-07-09 21:12:14.880 +08:00 [DBG] Opening CNG algorithm 'AES' from provider 'null' with chaining mode CBC.
2024-07-09 21:12:14.884 +08:00 [DBG] Opening CNG algorithm 'SHA256' from provider 'null' with HMAC.
2024-07-09 21:12:14.889 +08:00 [DBG] Using key {80bdb79c-585f-448f-898b-05493ed81b7c} as the default key.
2024-07-09 21:12:14.889 +08:00 [DBG] Key ring with default key {80bdb79c-585f-448f-898b-05493ed81b7c} was loaded during application startup.
2024-07-09 21:12:15.059 +08:00 [DBG] Using development certificate: CN=localhost (Thumbprint: EEEAF978C5CA020333EB5017C70155D30354B8BA)
2024-07-09 21:12:15.097 +08:00 [INF] Now listening on: https://localhost:7003
2024-07-09 21:12:15.098 +08:00 [INF] Now listening on: http://localhost:5164
2024-07-09 21:12:15.098 +08:00 [DBG] Loaded hosting startup assembly WebAPIMastery
2024-07-09 21:12:15.098 +08:00 [DBG] Loaded hosting startup assembly Microsoft.AspNetCore.Watch.BrowserRefresh
2024-07-09 21:12:15.098 +08:00 [DBG] Loaded hosting startup assembly Microsoft.WebTools.BrowserLink.Net
2024-07-09 21:12:15.098 +08:00 [INF] Application started. Press Ctrl+C to shut down.
2024-07-09 21:12:15.098 +08:00 [INF] Hosting environment: Development
2024-07-09 21:12:15.098 +08:00 [INF] Content root path: C:\Users\lares User\Desktop\Programming\Web Development\Backend\WebAPIMastery\
2024-07-09 21:12:15.098 +08:00 [DBG] Hosting started
2024-07-09 21:12:15.238 +08:00 [DBG] Connection id "0HN50330B1G4B" received FIN.
2024-07-09 21:12:15.238 +08:00 [DBG] Connection id "0HN50330B1G4A" accepted.
2024-07-09 21:12:15.238 +08:00 [DBG] Connection id "0HN50330B1G4B" accepted.
2024-07-09 21:12:15.238 +08:00 [DBG] Connection id "0HN50330B1G4A" received FIN.
2024-07-09 21:12:15.244 +08:00 [DBG] Connection id "0HN50330B1G4A" started.
2024-07-09 21:12:15.244 +08:00 [DBG] Connection id "0HN50330B1G4B" started.
2024-07-09 21:12:15.283 +08:00 [DBG] Failed to authenticate HTTPS connection.
System.IO.IOException:  Received an unexpected EOF or 0 bytes from the transport stream.
   at System.Net.Security.SslStream.ReceiveBlobAsync[TIOAdapter](TIOAdapter adapter)
   at System.Net.Security.SslStream.ForceAuthenticationAsync[TIOAdapter](TIOAdapter adapter, Boolean receiveFirst, Byte[] reAuthenticationData, Boolean isApm)
   at Microsoft.AspNetCore.Server.Kestrel.Https.Internal.HttpsConnectionMiddleware.OnConnectionAsync(ConnectionContext context)
2024-07-09 21:12:15.283 +08:00 [DBG] Failed to authenticate HTTPS connection.
System.IO.IOException:  Received an unexpected EOF or 0 bytes from the transport stream.
   at System.Net.Security.SslStream.ReceiveBlobAsync[TIOAdapter](TIOAdapter adapter)
   at System.Net.Security.SslStream.ForceAuthenticationAsync[TIOAdapter](TIOAdapter adapter, Boolean receiveFirst, Byte[] reAuthenticationData, Boolean isApm)
   at Microsoft.AspNetCore.Server.Kestrel.Https.Internal.HttpsConnectionMiddleware.OnConnectionAsync(ConnectionContext context)
2024-07-09 21:12:15.330 +08:00 [DBG] Connection id "0HN50330B1G4A" stopped.
2024-07-09 21:12:15.330 +08:00 [DBG] Connection id "0HN50330B1G4B" stopped.
2024-07-09 21:12:15.333 +08:00 [DBG] Connection id "0HN50330B1G4B" sending FIN because: "The Socket transport's send loop completed gracefully."
2024-07-09 21:12:15.333 +08:00 [DBG] Connection id "0HN50330B1G4A" sending FIN because: "The Socket transport's send loop completed gracefully."
2024-07-09 21:12:15.481 +08:00 [DBG] Connection id "0HN50330B1G4C" accepted.
2024-07-09 21:12:15.481 +08:00 [DBG] Connection id "0HN50330B1G4C" started.
2024-07-09 21:12:15.541 +08:00 [DBG] Connection 0HN50330B1G4C established using the following protocol: "Tls13"
2024-07-09 21:12:15.609 +08:00 [INF] Request starting HTTP/2 GET https://localhost:7003/swagger/index.html - -
2024-07-09 21:12:15.661 +08:00 [DBG] Wildcard detected, all requests with hosts will be allowed.
2024-07-09 21:12:15.690 +08:00 [DBG] No candidates found for the request path '/swagger/index.html'
2024-07-09 21:12:15.691 +08:00 [DBG] Request did not match any endpoints
2024-07-09 21:12:15.798 +08:00 [DBG] Response markup is scheduled to include browser refresh script injection.
2024-07-09 21:12:15.955 +08:00 [DBG] Response markup was updated to include browser refresh script injection.
2024-07-09 21:12:15.963 +08:00 [INF] Request finished HTTP/2 GET https://localhost:7003/swagger/index.html - - - 200 - text/html;charset=utf-8 356.8822ms
2024-07-09 21:12:15.987 +08:00 [INF] Request starting HTTP/2 GET https://localhost:7003/_framework/aspnetcore-browser-refresh.js - -
2024-07-09 21:12:15.987 +08:00 [INF] Request starting HTTP/2 GET https://localhost:7003/_vs/browserLink - -
2024-07-09 21:12:15.997 +08:00 [INF] Request finished HTTP/2 GET https://localhost:7003/_framework/aspnetcore-browser-refresh.js - - - 200 11996 application/javascript;+charset=utf-8 9.6241ms
2024-07-09 21:12:16.065 +08:00 [INF] Request finished HTTP/2 GET https://localhost:7003/_vs/browserLink - - - 200 - text/javascript;+charset=UTF-8 77.5062ms
2024-07-09 21:12:16.114 +08:00 [INF] Request starting HTTP/2 GET https://localhost:7003/swagger/v1/swagger.json - -
2024-07-09 21:12:16.115 +08:00 [DBG] No candidates found for the request path '/swagger/v1/swagger.json'
2024-07-09 21:12:16.115 +08:00 [DBG] Request did not match any endpoints
2024-07-09 21:12:16.288 +08:00 [INF] Request finished HTTP/2 GET https://localhost:7003/swagger/v1/swagger.json - - - 200 - application/json;charset=utf-8 174.2074ms
2024-07-09 21:12:19.812 +08:00 [INF] Request starting HTTP/2 GET https://localhost:7003/api/Regions/GetRegions - -
2024-07-09 21:12:19.819 +08:00 [DBG] 1 candidate(s) found for the request path '/api/Regions/GetRegions'
2024-07-09 21:12:19.822 +08:00 [DBG] Endpoint 'WebAPIMastery.Controllers.RegionsController.GetRegions (WebAPIMastery)' with route pattern 'api/Regions/GetRegions' is valid for the request path '/api/Regions/GetRegions'
2024-07-09 21:12:19.823 +08:00 [DBG] Request matched endpoint 'WebAPIMastery.Controllers.RegionsController.GetRegions (WebAPIMastery)'
2024-07-09 21:12:19.824 +08:00 [DBG] Static files was skipped as the request already matched an endpoint.
2024-07-09 21:12:19.918 +08:00 [DBG] AuthenticationScheme: Bearer was not authenticated.
2024-07-09 21:12:19.919 +08:00 [DBG] Static files was skipped as the request already matched an endpoint.
2024-07-09 21:12:19.919 +08:00 [INF] Executing endpoint 'WebAPIMastery.Controllers.RegionsController.GetRegions (WebAPIMastery)'
2024-07-09 21:12:19.933 +08:00 [INF] Route matched with {action = "GetRegions", controller = "Regions"}. Executing controller action with signature System.Threading.Tasks.Task`1[Microsoft.AspNetCore.Mvc.IActionResult] GetRegions() on controller WebAPIMastery.Controllers.RegionsController (WebAPIMastery).
2024-07-09 21:12:19.933 +08:00 [DBG] Execution plan of authorization filters (in the following order): ["None"]
2024-07-09 21:12:19.933 +08:00 [DBG] Execution plan of resource filters (in the following order): ["None"]
2024-07-09 21:12:19.933 +08:00 [DBG] Execution plan of action filters (in the following order): ["Microsoft.AspNetCore.Mvc.ModelBinding.UnsupportedContentTypeFilter (Order: -3000)","Microsoft.AspNetCore.Mvc.Infrastructure.ModelStateInvalidFilter (Order: -2000)"]
2024-07-09 21:12:19.933 +08:00 [DBG] Execution plan of exception filters (in the following order): ["None"]
2024-07-09 21:12:19.933 +08:00 [DBG] Execution plan of result filters (in the following order): ["Microsoft.AspNetCore.Mvc.Infrastructure.ClientErrorResultFilter (Order: -2000)"]
2024-07-09 21:12:19.934 +08:00 [DBG] Executing controller factory for controller WebAPIMastery.Controllers.RegionsController (WebAPIMastery)
2024-07-09 21:12:20.078 +08:00 [DBG] An 'IServiceProvider' was created for internal use by Entity Framework.
2024-07-09 21:12:20.099 +08:00 [DBG] Executed controller factory for controller WebAPIMastery.Controllers.RegionsController (WebAPIMastery)
2024-07-09 21:12:20.140 +08:00 [ERR] This is a custom exception
2024-07-09 21:12:20.164 +08:00 [INF] Executed action WebAPIMastery.Controllers.RegionsController.GetRegions (WebAPIMastery) in 226.4871ms
2024-07-09 21:12:20.166 +08:00 [INF] Executed endpoint 'WebAPIMastery.Controllers.RegionsController.GetRegions (WebAPIMastery)'
2024-07-09 21:12:20.167 +08:00 [ERR] An unhandled exception has occurred while executing the request.
System.Exception: This is a custom exception
   at WebAPIMastery.Controllers.RegionsController.GetRegions() in C:\Users\lares User\Desktop\Programming\Web Development\Backend\WebAPIMastery\Controllers\RegionsController.cs:line 60
   at Microsoft.AspNetCore.Mvc.Infrastructure.ActionMethodExecutor.TaskOfIActionResultExecutor.Execute(IActionResultTypeMapper mapper, ObjectMethodExecutor executor, Object controller, Object[] arguments)
   at Microsoft.AspNetCore.Mvc.Infrastructure.ControllerActionInvoker.<InvokeActionMethodAsync>g__Awaited|12_0(ControllerActionInvoker invoker, ValueTask`1 actionResultValueTask)
   at Microsoft.AspNetCore.Mvc.Infrastructure.ControllerActionInvoker.<InvokeNextActionFilterAsync>g__Awaited|10_0(ControllerActionInvoker invoker, Task lastTask, State next, Scope scope, Object state, Boolean isCompleted)
   at Microsoft.AspNetCore.Mvc.Infrastructure.ControllerActionInvoker.Rethrow(ActionExecutedContextSealed context)
   at Microsoft.AspNetCore.Mvc.Infrastructure.ControllerActionInvoker.Next(State& next, Scope& scope, Object& state, Boolean& isCompleted)
   at Microsoft.AspNetCore.Mvc.Infrastructure.ControllerActionInvoker.InvokeInnerFilterAsync()
--- End of stack trace from previous location ---
   at Microsoft.AspNetCore.Mvc.Infrastructure.ResourceInvoker.<InvokeFilterPipelineAsync>g__Awaited|20_0(ResourceInvoker invoker, Task lastTask, State next, Scope scope, Object state, Boolean isCompleted)
   at Microsoft.AspNetCore.Mvc.Infrastructure.ResourceInvoker.<InvokeAsync>g__Logged|17_1(ResourceInvoker invoker)
   at Microsoft.AspNetCore.Mvc.Infrastructure.ResourceInvoker.<InvokeAsync>g__Logged|17_1(ResourceInvoker invoker)
   at Microsoft.AspNetCore.Routing.EndpointMiddleware.<Invoke>g__AwaitRequestTask|6_0(Endpoint endpoint, Task requestTask, ILogger logger)
   at Microsoft.AspNetCore.Authorization.AuthorizationMiddleware.Invoke(HttpContext context)
   at Microsoft.AspNetCore.Authentication.AuthenticationMiddleware.Invoke(HttpContext context)
   at Swashbuckle.AspNetCore.SwaggerUI.SwaggerUIMiddleware.Invoke(HttpContext httpContext)
   at Swashbuckle.AspNetCore.Swagger.SwaggerMiddleware.Invoke(HttpContext httpContext, ISwaggerProvider swaggerProvider)
   at Microsoft.AspNetCore.Diagnostics.DeveloperExceptionPageMiddleware.Invoke(HttpContext context)
2024-07-09 21:12:20.180 +08:00 [INF] Request finished HTTP/2 GET https://localhost:7003/api/Regions/GetRegions - - - 500 - text/plain;+charset=utf-8 367.9241ms
[2024-07-09 21:13:03.063 +08:00  DBG]  Registered model binder providers, in the following order: ["Microsoft.AspNetCore.Mvc.ModelBinding.Binders.BinderTypeModelBinderProvider","Microsoft.AspNetCore.Mvc.ModelBinding.Binders.ServicesModelBinderProvider","Microsoft.AspNetCore.Mvc.ModelBinding.Binders.BodyModelBinderProvider","Microsoft.AspNetCore.Mvc.ModelBinding.Binders.HeaderModelBinderProvider","Microsoft.AspNetCore.Mvc.ModelBinding.Binders.FloatingPointTypeModelBinderProvider","Microsoft.AspNetCore.Mvc.ModelBinding.Binders.EnumTypeModelBinderProvider","Microsoft.AspNetCore.Mvc.ModelBinding.Binders.DateTimeModelBinderProvider","Microsoft.AspNetCore.Mvc.ModelBinding.Binders.SimpleTypeModelBinderProvider","Microsoft.AspNetCore.Mvc.ModelBinding.Binders.CancellationTokenModelBinderProvider","Microsoft.AspNetCore.Mvc.ModelBinding.Binders.ByteArrayModelBinderProvider","Microsoft.AspNetCore.Mvc.ModelBinding.Binders.FormFileModelBinderProvider","Microsoft.AspNetCore.Mvc.ModelBinding.Binders.FormCollectionModelBinderProvider","Microsoft.AspNetCore.Mvc.ModelBinding.Binders.KeyValuePairModelBinderProvider","Microsoft.AspNetCore.Mvc.ModelBinding.Binders.DictionaryModelBinderProvider","Microsoft.AspNetCore.Mvc.ModelBinding.Binders.ArrayModelBinderProvider","Microsoft.AspNetCore.Mvc.ModelBinding.Binders.CollectionModelBinderProvider","Microsoft.AspNetCore.Mvc.ModelBinding.Binders.ComplexObjectModelBinderProvider"]
[2024-07-09 21:13:03.252 +08:00  DBG]  Hosting starting
[2024-07-09 21:13:03.314 +08:00  INF]  User profile is available. Using 'C:\Users\lares User\AppData\Local\ASP.NET\DataProtection-Keys' as key repository and Windows DPAPI to encrypt keys at rest.
[2024-07-09 21:13:03.318 +08:00  DBG]  Reading data from file 'C:\Users\lares User\AppData\Local\ASP.NET\DataProtection-Keys\key-2a2dd440-7e0e-41fd-bdbb-7a46c410f753.xml'.
[2024-07-09 21:13:03.321 +08:00  DBG]  Reading data from file 'C:\Users\lares User\AppData\Local\ASP.NET\DataProtection-Keys\key-3f1d8bd9-3ef0-462a-8ba7-1b9feb16c970.xml'.
[2024-07-09 21:13:03.322 +08:00  DBG]  Reading data from file 'C:\Users\lares User\AppData\Local\ASP.NET\DataProtection-Keys\key-80bdb79c-585f-448f-898b-05493ed81b7c.xml'.
[2024-07-09 21:13:03.322 +08:00  DBG]  Reading data from file 'C:\Users\lares User\AppData\Local\ASP.NET\DataProtection-Keys\key-8f876a9f-42fd-4582-a268-b303ddb274b3.xml'.
[2024-07-09 21:13:03.322 +08:00  DBG]  Reading data from file 'C:\Users\lares User\AppData\Local\ASP.NET\DataProtection-Keys\key-b63ea9be-5337-41fe-828e-376d1a653eda.xml'.
[2024-07-09 21:13:03.329 +08:00  DBG]  Found key {2a2dd440-7e0e-41fd-bdbb-7a46c410f753}.
[2024-07-09 21:13:03.333 +08:00  DBG]  Found key {3f1d8bd9-3ef0-462a-8ba7-1b9feb16c970}.
[2024-07-09 21:13:03.333 +08:00  DBG]  Found key {80bdb79c-585f-448f-898b-05493ed81b7c}.
[2024-07-09 21:13:03.333 +08:00  DBG]  Found key {8f876a9f-42fd-4582-a268-b303ddb274b3}.
[2024-07-09 21:13:03.333 +08:00  DBG]  Found key {b63ea9be-5337-41fe-828e-376d1a653eda}.
[2024-07-09 21:13:03.342 +08:00  DBG]  Considering key {80bdb79c-585f-448f-898b-05493ed81b7c} with expiration date 2024-09-10 16:55:56Z as default key.
[2024-07-09 21:13:03.345 +08:00  DBG]  Forwarded activator type request from Microsoft.AspNetCore.DataProtection.XmlEncryption.DpapiXmlDecryptor, Microsoft.AspNetCore.DataProtection, Version=7.0.0.0, Culture=neutral, PublicKeyToken=adb9793829ddae60 to Microsoft.AspNetCore.DataProtection.XmlEncryption.DpapiXmlDecryptor, Microsoft.AspNetCore.DataProtection, Culture=neutral, PublicKeyToken=adb9793829ddae60
[2024-07-09 21:13:03.349 +08:00  DBG]  Decrypting secret element using Windows DPAPI.
[2024-07-09 21:13:03.351 +08:00  DBG]  Forwarded activator type request from Microsoft.AspNetCore.DataProtection.AuthenticatedEncryption.ConfigurationModel.AuthenticatedEncryptorDescriptorDeserializer, Microsoft.AspNetCore.DataProtection, Version=7.0.0.0, Culture=neutral, PublicKeyToken=adb9793829ddae60 to Microsoft.AspNetCore.DataProtection.AuthenticatedEncryption.ConfigurationModel.AuthenticatedEncryptorDescriptorDeserializer, Microsoft.AspNetCore.DataProtection, Culture=neutral, PublicKeyToken=adb9793829ddae60
[2024-07-09 21:13:03.357 +08:00  DBG]  Opening CNG algorithm 'AES' from provider 'null' with chaining mode CBC.
[2024-07-09 21:13:03.362 +08:00  DBG]  Opening CNG algorithm 'SHA256' from provider 'null' with HMAC.
[2024-07-09 21:13:03.366 +08:00  DBG]  Using key {80bdb79c-585f-448f-898b-05493ed81b7c} as the default key.
[2024-07-09 21:13:03.367 +08:00  DBG]  Key ring with default key {80bdb79c-585f-448f-898b-05493ed81b7c} was loaded during application startup.
[2024-07-09 21:13:03.575 +08:00  DBG]  Using development certificate: CN=localhost (Thumbprint: EEEAF978C5CA020333EB5017C70155D30354B8BA)
[2024-07-09 21:13:03.662 +08:00  INF]  Now listening on: https://localhost:7003
[2024-07-09 21:13:03.662 +08:00  INF]  Now listening on: http://localhost:5164
[2024-07-09 21:13:03.662 +08:00  DBG]  Loaded hosting startup assembly WebAPIMastery
[2024-07-09 21:13:03.662 +08:00  DBG]  Loaded hosting startup assembly Microsoft.AspNetCore.Watch.BrowserRefresh
[2024-07-09 21:13:03.662 +08:00  DBG]  Loaded hosting startup assembly Microsoft.WebTools.BrowserLink.Net
[2024-07-09 21:13:03.662 +08:00  INF]  Application started. Press Ctrl+C to shut down.
[2024-07-09 21:13:03.662 +08:00  INF]  Hosting environment: Development
[2024-07-09 21:13:03.662 +08:00  INF]  Content root path: C:\Users\lares User\Desktop\Programming\Web Development\Backend\WebAPIMastery\
[2024-07-09 21:13:03.662 +08:00  DBG]  Hosting started
[2024-07-09 21:13:03.979 +08:00  DBG]  Connection id "0HN5033ERVOK1" accepted.
[2024-07-09 21:13:03.979 +08:00  DBG]  Connection id "0HN5033ERVOK0" accepted.
[2024-07-09 21:13:03.980 +08:00  DBG]  Connection id "0HN5033ERVOK0" started.
[2024-07-09 21:13:03.980 +08:00  DBG]  Connection id "0HN5033ERVOK1" started.
[2024-07-09 21:13:03.984 +08:00  DBG]  Connection id "0HN5033ERVOK1" received FIN.
[2024-07-09 21:13:03.984 +08:00  DBG]  Connection id "0HN5033ERVOK0" received FIN.
[2024-07-09 21:13:04.009 +08:00  DBG]  Failed to authenticate HTTPS connection.
System.IO.IOException:  Received an unexpected EOF or 0 bytes from the transport stream.
   at System.Net.Security.SslStream.ReceiveBlobAsync[TIOAdapter](TIOAdapter adapter)
   at System.Net.Security.SslStream.ForceAuthenticationAsync[TIOAdapter](TIOAdapter adapter, Boolean receiveFirst, Byte[] reAuthenticationData, Boolean isApm)
   at Microsoft.AspNetCore.Server.Kestrel.Https.Internal.HttpsConnectionMiddleware.OnConnectionAsync(ConnectionContext context)
[2024-07-09 21:13:04.009 +08:00  DBG]  Failed to authenticate HTTPS connection.
System.IO.IOException:  Received an unexpected EOF or 0 bytes from the transport stream.
   at System.Net.Security.SslStream.ReceiveBlobAsync[TIOAdapter](TIOAdapter adapter)
   at System.Net.Security.SslStream.ForceAuthenticationAsync[TIOAdapter](TIOAdapter adapter, Boolean receiveFirst, Byte[] reAuthenticationData, Boolean isApm)
   at Microsoft.AspNetCore.Server.Kestrel.Https.Internal.HttpsConnectionMiddleware.OnConnectionAsync(ConnectionContext context)
[2024-07-09 21:13:04.055 +08:00  DBG]  Connection id "0HN5033ERVOK0" stopped.
[2024-07-09 21:13:04.055 +08:00  DBG]  Connection id "0HN5033ERVOK1" stopped.
[2024-07-09 21:13:04.059 +08:00  DBG]  Connection id "0HN5033ERVOK1" sending FIN because: "The Socket transport's send loop completed gracefully."
[2024-07-09 21:13:04.059 +08:00  DBG]  Connection id "0HN5033ERVOK0" sending FIN because: "The Socket transport's send loop completed gracefully."
[2024-07-09 21:13:04.283 +08:00  DBG]  Connection id "0HN5033ERVOK2" accepted.
[2024-07-09 21:13:04.284 +08:00  DBG]  Connection id "0HN5033ERVOK2" started.
[2024-07-09 21:13:04.344 +08:00  DBG]  Connection 0HN5033ERVOK2 established using the following protocol: "Tls13"
[2024-07-09 21:13:04.411 +08:00  INF]  Request starting HTTP/2 GET https://localhost:7003/swagger/index.html - -
[2024-07-09 21:13:04.482 +08:00  DBG]  Wildcard detected, all requests with hosts will be allowed.
[2024-07-09 21:13:04.522 +08:00  DBG]  No candidates found for the request path '/swagger/index.html'
[2024-07-09 21:13:04.522 +08:00  DBG]  Request did not match any endpoints
[2024-07-09 21:13:04.671 +08:00  DBG]  Response markup is scheduled to include browser refresh script injection.
[2024-07-09 21:13:04.821 +08:00  DBG]  Response markup was updated to include browser refresh script injection.
[2024-07-09 21:13:04.829 +08:00  INF]  Request finished HTTP/2 GET https://localhost:7003/swagger/index.html - - - 200 - text/html;charset=utf-8 425.3263ms
[2024-07-09 21:13:04.854 +08:00  INF]  Request starting HTTP/2 GET https://localhost:7003/_framework/aspnetcore-browser-refresh.js - -
[2024-07-09 21:13:04.856 +08:00  INF]  Request starting HTTP/2 GET https://localhost:7003/_vs/browserLink - -
[2024-07-09 21:13:04.874 +08:00  INF]  Request finished HTTP/2 GET https://localhost:7003/_framework/aspnetcore-browser-refresh.js - - - 200 11996 application/javascript;+charset=utf-8 19.1052ms
[2024-07-09 21:13:04.926 +08:00  INF]  Request finished HTTP/2 GET https://localhost:7003/_vs/browserLink - - - 200 - text/javascript;+charset=UTF-8 70.6153ms
[2024-07-09 21:13:04.972 +08:00  INF]  Request starting HTTP/2 GET https://localhost:7003/swagger/v1/swagger.json - -
[2024-07-09 21:13:04.974 +08:00  DBG]  No candidates found for the request path '/swagger/v1/swagger.json'
[2024-07-09 21:13:04.974 +08:00  DBG]  Request did not match any endpoints
[2024-07-09 21:13:05.141 +08:00  INF]  Request finished HTTP/2 GET https://localhost:7003/swagger/v1/swagger.json - - - 200 - application/json;charset=utf-8 169.1665ms
[2024-07-09 21:13:16.748 +08:00  INF]  Request starting HTTP/2 GET https://localhost:7003/api/Regions/GetRegions - -
[2024-07-09 21:13:16.760 +08:00  DBG]  1 candidate(s) found for the request path '/api/Regions/GetRegions'
[2024-07-09 21:13:16.766 +08:00  DBG]  Endpoint 'WebAPIMastery.Controllers.RegionsController.GetRegions (WebAPIMastery)' with route pattern 'api/Regions/GetRegions' is valid for the request path '/api/Regions/GetRegions'
[2024-07-09 21:13:16.766 +08:00  DBG]  Request matched endpoint 'WebAPIMastery.Controllers.RegionsController.GetRegions (WebAPIMastery)'
[2024-07-09 21:13:16.767 +08:00  DBG]  Static files was skipped as the request already matched an endpoint.
[2024-07-09 21:13:16.871 +08:00  DBG]  AuthenticationScheme: Bearer was not authenticated.
[2024-07-09 21:13:16.874 +08:00  DBG]  Static files was skipped as the request already matched an endpoint.
[2024-07-09 21:13:16.875 +08:00  INF]  Executing endpoint 'WebAPIMastery.Controllers.RegionsController.GetRegions (WebAPIMastery)'
[2024-07-09 21:13:16.895 +08:00  INF]  Route matched with {action = "GetRegions", controller = "Regions"}. Executing controller action with signature System.Threading.Tasks.Task`1[Microsoft.AspNetCore.Mvc.IActionResult] GetRegions() on controller WebAPIMastery.Controllers.RegionsController (WebAPIMastery).
[2024-07-09 21:13:16.896 +08:00  DBG]  Execution plan of authorization filters (in the following order): ["None"]
[2024-07-09 21:13:16.896 +08:00  DBG]  Execution plan of resource filters (in the following order): ["None"]
[2024-07-09 21:13:16.896 +08:00  DBG]  Execution plan of action filters (in the following order): ["Microsoft.AspNetCore.Mvc.ModelBinding.UnsupportedContentTypeFilter (Order: -3000)","Microsoft.AspNetCore.Mvc.Infrastructure.ModelStateInvalidFilter (Order: -2000)"]
[2024-07-09 21:13:16.896 +08:00  DBG]  Execution plan of exception filters (in the following order): ["None"]
[2024-07-09 21:13:16.896 +08:00  DBG]  Execution plan of result filters (in the following order): ["Microsoft.AspNetCore.Mvc.Infrastructure.ClientErrorResultFilter (Order: -2000)"]
[2024-07-09 21:13:16.897 +08:00  DBG]  Executing controller factory for controller WebAPIMastery.Controllers.RegionsController (WebAPIMastery)
[2024-07-09 21:13:17.089 +08:00  DBG]  An 'IServiceProvider' was created for internal use by Entity Framework.
[2024-07-09 21:13:17.129 +08:00  DBG]  Executed controller factory for controller WebAPIMastery.Controllers.RegionsController (WebAPIMastery)
[2024-07-09 21:13:17.164 +08:00  ERR]  This is a custom exception
[2024-07-09 21:13:17.194 +08:00  INF]  Executed action WebAPIMastery.Controllers.RegionsController.GetRegions (WebAPIMastery) in 289.233ms
[2024-07-09 21:13:17.197 +08:00  INF]  Executed endpoint 'WebAPIMastery.Controllers.RegionsController.GetRegions (WebAPIMastery)'
[2024-07-09 21:13:17.198 +08:00  ERR]  An unhandled exception has occurred while executing the request.
System.Exception: This is a custom exception
   at WebAPIMastery.Controllers.RegionsController.GetRegions() in C:\Users\lares User\Desktop\Programming\Web Development\Backend\WebAPIMastery\Controllers\RegionsController.cs:line 60
   at Microsoft.AspNetCore.Mvc.Infrastructure.ActionMethodExecutor.TaskOfIActionResultExecutor.Execute(IActionResultTypeMapper mapper, ObjectMethodExecutor executor, Object controller, Object[] arguments)
   at Microsoft.AspNetCore.Mvc.Infrastructure.ControllerActionInvoker.<InvokeActionMethodAsync>g__Awaited|12_0(ControllerActionInvoker invoker, ValueTask`1 actionResultValueTask)
   at Microsoft.AspNetCore.Mvc.Infrastructure.ControllerActionInvoker.<InvokeNextActionFilterAsync>g__Awaited|10_0(ControllerActionInvoker invoker, Task lastTask, State next, Scope scope, Object state, Boolean isCompleted)
   at Microsoft.AspNetCore.Mvc.Infrastructure.ControllerActionInvoker.Rethrow(ActionExecutedContextSealed context)
   at Microsoft.AspNetCore.Mvc.Infrastructure.ControllerActionInvoker.Next(State& next, Scope& scope, Object& state, Boolean& isCompleted)
   at Microsoft.AspNetCore.Mvc.Infrastructure.ControllerActionInvoker.InvokeInnerFilterAsync()
--- End of stack trace from previous location ---
   at Microsoft.AspNetCore.Mvc.Infrastructure.ResourceInvoker.<InvokeFilterPipelineAsync>g__Awaited|20_0(ResourceInvoker invoker, Task lastTask, State next, Scope scope, Object state, Boolean isCompleted)
   at Microsoft.AspNetCore.Mvc.Infrastructure.ResourceInvoker.<InvokeAsync>g__Logged|17_1(ResourceInvoker invoker)
   at Microsoft.AspNetCore.Mvc.Infrastructure.ResourceInvoker.<InvokeAsync>g__Logged|17_1(ResourceInvoker invoker)
   at Microsoft.AspNetCore.Routing.EndpointMiddleware.<Invoke>g__AwaitRequestTask|6_0(Endpoint endpoint, Task requestTask, ILogger logger)
   at Microsoft.AspNetCore.Authorization.AuthorizationMiddleware.Invoke(HttpContext context)
   at Microsoft.AspNetCore.Authentication.AuthenticationMiddleware.Invoke(HttpContext context)
   at Swashbuckle.AspNetCore.SwaggerUI.SwaggerUIMiddleware.Invoke(HttpContext httpContext)
   at Swashbuckle.AspNetCore.Swagger.SwaggerMiddleware.Invoke(HttpContext httpContext, ISwaggerProvider swaggerProvider)
   at Microsoft.AspNetCore.Diagnostics.DeveloperExceptionPageMiddleware.Invoke(HttpContext context)
[2024-07-09 21:13:17.219 +08:00  INF]  Request finished HTTP/2 GET https://localhost:7003/api/Regions/GetRegions - - - 500 - text/plain;+charset=utf-8 470.5259ms
[2024-07-09 21:15:08.338 +08:00  INF]  User profile is available. Using 'C:\Users\lares User\AppData\Local\ASP.NET\DataProtection-Keys' as key repository and Windows DPAPI to encrypt keys at rest.
[2024-07-09 21:15:08.697 +08:00  INF]  Now listening on: https://localhost:7003
[2024-07-09 21:15:08.697 +08:00  INF]  Now listening on: http://localhost:5164
[2024-07-09 21:15:08.700 +08:00  INF]  Application started. Press Ctrl+C to shut down.
[2024-07-09 21:15:08.700 +08:00  INF]  Hosting environment: Development
[2024-07-09 21:15:08.700 +08:00  INF]  Content root path: C:\Users\lares User\Desktop\Programming\Web Development\Backend\WebAPIMastery\
[2024-07-09 21:15:09.467 +08:00  INF]  Request starting HTTP/2 GET https://localhost:7003/swagger/index.html - -
[2024-07-09 21:15:09.839 +08:00  INF]  Request finished HTTP/2 GET https://localhost:7003/swagger/index.html - - - 200 - text/html;charset=utf-8 382.6188ms
[2024-07-09 21:15:09.859 +08:00  INF]  Request starting HTTP/2 GET https://localhost:7003/_framework/aspnetcore-browser-refresh.js - -
[2024-07-09 21:15:09.859 +08:00  INF]  Request starting HTTP/2 GET https://localhost:7003/_vs/browserLink - -
[2024-07-09 21:15:09.866 +08:00  INF]  Request finished HTTP/2 GET https://localhost:7003/_framework/aspnetcore-browser-refresh.js - - - 200 11996 application/javascript;+charset=utf-8 7.1308ms
[2024-07-09 21:15:09.926 +08:00  INF]  Request finished HTTP/2 GET https://localhost:7003/_vs/browserLink - - - 200 - text/javascript;+charset=UTF-8 67.7061ms
[2024-07-09 21:15:09.965 +08:00  INF]  Request starting HTTP/2 GET https://localhost:7003/swagger/v1/swagger.json - -
[2024-07-09 21:15:10.104 +08:00  INF]  Request finished HTTP/2 GET https://localhost:7003/swagger/v1/swagger.json - - - 200 - application/json;charset=utf-8 139.0163ms
[2024-07-09 21:15:15.430 +08:00  INF]  Request starting HTTP/2 GET https://localhost:7003/api/Regions - -
[2024-07-09 21:15:15.552 +08:00  INF]  Executing endpoint 'WebAPIMastery.Controllers.RegionsController.GetAllRegions (WebAPIMastery)'
[2024-07-09 21:15:15.565 +08:00  INF]  Route matched with {action = "GetAllRegions", controller = "Regions"}. Executing controller action with signature Microsoft.AspNetCore.Mvc.IActionResult GetAllRegions() on controller WebAPIMastery.Controllers.RegionsController (WebAPIMastery).
[2024-07-09 21:15:15.805 +08:00  INF]  Executing OkObjectResult, writing value of type 'System.Collections.Generic.List`1[[WebAPIMastery.Models.Domain.Region, WebAPIMastery, Version=1.0.0.0, Culture=neutral, PublicKeyToken=null]]'.
[2024-07-09 21:15:15.822 +08:00  INF]  Executed action WebAPIMastery.Controllers.RegionsController.GetAllRegions (WebAPIMastery) in 247.9384ms
[2024-07-09 21:15:15.827 +08:00  INF]  Executed endpoint 'WebAPIMastery.Controllers.RegionsController.GetAllRegions (WebAPIMastery)'
[2024-07-09 21:15:15.833 +08:00  INF]  Request finished HTTP/2 GET https://localhost:7003/api/Regions - - - 200 - application/json;+charset=utf-8 402.6691ms
[2024-07-09 21:15:22.100 +08:00  INF]  Request starting HTTP/2 GET https://localhost:7003/api/Regions/GetRegions - -
[2024-07-09 21:15:22.103 +08:00  INF]  Executing endpoint 'WebAPIMastery.Controllers.RegionsController.GetRegions (WebAPIMastery)'
[2024-07-09 21:15:22.116 +08:00  INF]  Route matched with {action = "GetRegions", controller = "Regions"}. Executing controller action with signature System.Threading.Tasks.Task`1[Microsoft.AspNetCore.Mvc.IActionResult] GetRegions() on controller WebAPIMastery.Controllers.RegionsController (WebAPIMastery).
[2024-07-09 21:15:22.186 +08:00  ERR]  This is a custom exception
[2024-07-09 21:15:22.225 +08:00  INF]  Executed action WebAPIMastery.Controllers.RegionsController.GetRegions (WebAPIMastery) in 109.4722ms
[2024-07-09 21:15:22.226 +08:00  INF]  Executed endpoint 'WebAPIMastery.Controllers.RegionsController.GetRegions (WebAPIMastery)'
[2024-07-09 21:15:22.233 +08:00  ERR]  An unhandled exception has occurred while executing the request.
System.Exception: This is a custom exception
   at WebAPIMastery.Controllers.RegionsController.GetRegions() in C:\Users\lares User\Desktop\Programming\Web Development\Backend\WebAPIMastery\Controllers\RegionsController.cs:line 60
   at Microsoft.AspNetCore.Mvc.Infrastructure.ActionMethodExecutor.TaskOfIActionResultExecutor.Execute(IActionResultTypeMapper mapper, ObjectMethodExecutor executor, Object controller, Object[] arguments)
   at Microsoft.AspNetCore.Mvc.Infrastructure.ControllerActionInvoker.<InvokeActionMethodAsync>g__Awaited|12_0(ControllerActionInvoker invoker, ValueTask`1 actionResultValueTask)
   at Microsoft.AspNetCore.Mvc.Infrastructure.ControllerActionInvoker.<InvokeNextActionFilterAsync>g__Awaited|10_0(ControllerActionInvoker invoker, Task lastTask, State next, Scope scope, Object state, Boolean isCompleted)
   at Microsoft.AspNetCore.Mvc.Infrastructure.ControllerActionInvoker.Rethrow(ActionExecutedContextSealed context)
   at Microsoft.AspNetCore.Mvc.Infrastructure.ControllerActionInvoker.Next(State& next, Scope& scope, Object& state, Boolean& isCompleted)
   at Microsoft.AspNetCore.Mvc.Infrastructure.ControllerActionInvoker.InvokeInnerFilterAsync()
--- End of stack trace from previous location ---
   at Microsoft.AspNetCore.Mvc.Infrastructure.ResourceInvoker.<InvokeFilterPipelineAsync>g__Awaited|20_0(ResourceInvoker invoker, Task lastTask, State next, Scope scope, Object state, Boolean isCompleted)
   at Microsoft.AspNetCore.Mvc.Infrastructure.ResourceInvoker.<InvokeAsync>g__Logged|17_1(ResourceInvoker invoker)
   at Microsoft.AspNetCore.Mvc.Infrastructure.ResourceInvoker.<InvokeAsync>g__Logged|17_1(ResourceInvoker invoker)
   at Microsoft.AspNetCore.Routing.EndpointMiddleware.<Invoke>g__AwaitRequestTask|6_0(Endpoint endpoint, Task requestTask, ILogger logger)
   at Microsoft.AspNetCore.Authorization.AuthorizationMiddleware.Invoke(HttpContext context)
   at Microsoft.AspNetCore.Authentication.AuthenticationMiddleware.Invoke(HttpContext context)
   at Swashbuckle.AspNetCore.SwaggerUI.SwaggerUIMiddleware.Invoke(HttpContext httpContext)
   at Swashbuckle.AspNetCore.Swagger.SwaggerMiddleware.Invoke(HttpContext httpContext, ISwaggerProvider swaggerProvider)
   at Microsoft.AspNetCore.Diagnostics.DeveloperExceptionPageMiddleware.Invoke(HttpContext context)
[2024-07-09 21:15:22.276 +08:00  INF]  Request finished HTTP/2 GET https://localhost:7003/api/Regions/GetRegions - - - 500 - text/plain;+charset=utf-8 175.6040ms
